[09.04.23|18:18:53] Folder: "/db" FOUND
[09.04.23|18:18:53] DATABASE: "users.db" FOUND
[09.04.23|18:18:53] TABLE: "Users" FOUND
[09.04.23|18:18:53] DATABASE: "posts.db" FOUND
[09.04.23|18:18:53] TABLE: "Posts" FOUND
[09.04.23|18:18:53] DATABASE: "comments.db" FOUND
[09.04.23|18:18:53] TABLE: "Comments" FOUND
[09.04.23|18:18:53] Folder: "/db" FOUND
[09.04.23|18:18:53] DATABASE: "users.db" FOUND
[09.04.23|18:18:53] TABLE: "Users" FOUND
[09.04.23|18:18:53] DATABASE: "posts.db" FOUND
[09.04.23|18:18:53] TABLE: "Posts" FOUND
[09.04.23|18:18:53] DATABASE: "comments.db" FOUND
[09.04.23|18:18:53] TABLE: "Comments" FOUND
[09.04.23|18:23:43] Folder: "/db" FOUND
[09.04.23|18:23:43] DATABASE: "users.db" FOUND
[09.04.23|18:23:43] TABLE: "Users" FOUND
[09.04.23|18:23:43] DATABASE: "posts.db" FOUND
[09.04.23|18:23:43] TABLE: "Posts" FOUND
[09.04.23|18:23:43] DATABASE: "comments.db" FOUND
[09.04.23|18:23:43] TABLE: "Comments" FOUND
[09.04.23|18:23:43] Folder: "/db" FOUND
[09.04.23|18:23:43] DATABASE: "users.db" FOUND
[09.04.23|18:23:43] TABLE: "Users" FOUND
[09.04.23|18:23:43] DATABASE: "posts.db" FOUND
[09.04.23|18:23:43] TABLE: "Posts" FOUND
[09.04.23|18:23:43] DATABASE: "comments.db" FOUND
[09.04.23|18:23:43] TABLE: "Comments" FOUND
[09.04.23|18:23:45] POST: "1" FOUND
[09.04.23|18:23:54] POST: "1" FOUND
[09.04.23|18:24:00] POST: "1" FOUND
[09.04.23|18:24:12] POST: "2" FOUND
[09.04.23|18:24:12] POST: "2" FOUND
[09.04.23|18:27:10] Folder: "/db" FOUND
[09.04.23|18:27:10] DATABASE: "users.db" FOUND
[09.04.23|18:27:10] TABLE: "Users" FOUND
[09.04.23|18:27:10] DATABASE: "posts.db" FOUND
[09.04.23|18:27:10] TABLE: "Posts" FOUND
[09.04.23|18:27:10] DATABASE: "comments.db" FOUND
[09.04.23|18:27:10] TABLE: "Comments" FOUND
[09.04.23|18:27:10] Folder: "/db" FOUND
[09.04.23|18:27:10] DATABASE: "users.db" FOUND
[09.04.23|18:27:10] TABLE: "Users" FOUND
[09.04.23|18:27:10] DATABASE: "posts.db" FOUND
[09.04.23|18:27:10] TABLE: "Posts" FOUND
[09.04.23|18:27:10] DATABASE: "comments.db" FOUND
[09.04.23|18:27:10] TABLE: "Comments" FOUND
[09.04.23|18:27:13] POST: "2" FOUND
[09.04.23|18:34:42] Folder: "/db" FOUND
[09.04.23|18:34:42] DATABASE: "users.db" FOUND
[09.04.23|18:34:42] TABLE: "Users" FOUND
[09.04.23|18:34:42] DATABASE: "posts.db" NOT FOUND
[09.04.23|18:34:42] DATABASE: "posts.db" CREATED
[09.04.23|18:34:42] TABLE: "Posts" NOT FOUND
[09.04.23|18:34:42] TABLE: "Posts" CREATED
[09.04.23|18:34:42] DATABASE: "comments.db" FOUND
[09.04.23|18:34:42] TABLE: "Comments" FOUND
[09.04.23|18:34:42] Folder: "/db" FOUND
[09.04.23|18:34:42] DATABASE: "users.db" FOUND
[09.04.23|18:34:42] TABLE: "Users" FOUND
[09.04.23|18:34:42] DATABASE: "posts.db" FOUND
[09.04.23|18:34:42] TABLE: "Posts" FOUND
[09.04.23|18:34:42] DATABASE: "comments.db" FOUND
[09.04.23|18:34:42] TABLE: "Comments" FOUND
[09.04.23|18:36:35] 404
[09.04.23|18:37:05] USER: "uriel" NOT FOUND
[09.04.23|18:37:34] USER: "uriel" ADDED TO DATABASE
[09.04.23|18:37:48] 1 POINTS ADDED TO "uriel"
[09.04.23|18:37:48] USER: "uriel" LOGGED IN
[09.04.23|18:37:51] USER NOT LOGGED IN
[09.04.23|18:37:52] 404
[09.04.23|18:37:52] 404
[09.04.23|18:38:44] 404
[09.04.23|18:40:53] Folder: "/db" FOUND
[09.04.23|18:40:53] DATABASE: "users.db" FOUND
[09.04.23|18:40:53] TABLE: "Users" FOUND
[09.04.23|18:40:53] DATABASE: "posts.db" FOUND
[09.04.23|18:40:53] TABLE: "Posts" FOUND
[09.04.23|18:40:53] DATABASE: "comments.db" FOUND
[09.04.23|18:40:53] TABLE: "Comments" FOUND
[09.04.23|18:40:53] Folder: "/db" FOUND
[09.04.23|18:40:53] DATABASE: "users.db" FOUND
[09.04.23|18:40:53] TABLE: "Users" FOUND
[09.04.23|18:40:53] DATABASE: "posts.db" FOUND
[09.04.23|18:40:53] TABLE: "Posts" FOUND
[09.04.23|18:40:53] DATABASE: "comments.db" FOUND
[09.04.23|18:40:53] TABLE: "Comments" FOUND
[09.04.23|18:40:59] USER NOT LOGGED IN
[09.04.23|18:40:59] 404
[09.04.23|18:40:59] 404
[09.04.23|18:41:09] 1 POINTS ADDED TO "uriel"
[09.04.23|18:41:09] USER: "uriel" LOGGED IN
[09.04.23|18:41:12] 404
[09.04.23|18:42:02] Folder: "/db" FOUND
[09.04.23|18:42:02] DATABASE: "users.db" FOUND
[09.04.23|18:42:02] TABLE: "Users" FOUND
[09.04.23|18:42:02] DATABASE: "posts.db" FOUND
[09.04.23|18:42:02] TABLE: "Posts" FOUND
[09.04.23|18:42:02] DATABASE: "comments.db" FOUND
[09.04.23|18:42:02] TABLE: "Comments" FOUND
[09.04.23|18:42:02] Folder: "/db" FOUND
[09.04.23|18:42:02] DATABASE: "users.db" FOUND
[09.04.23|18:42:02] TABLE: "Users" FOUND
[09.04.23|18:42:02] DATABASE: "posts.db" FOUND
[09.04.23|18:42:02] TABLE: "Posts" FOUND
[09.04.23|18:42:02] DATABASE: "comments.db" FOUND
[09.04.23|18:42:02] TABLE: "Comments" FOUND
[09.04.23|18:42:04] USER NOT LOGGED IN
[09.04.23|18:42:05] 404
[09.04.23|18:42:17] 1 POINTS ADDED TO "uriel"
[09.04.23|18:42:17] USER: "uriel" LOGGED IN
[09.04.23|18:42:20] 404
[09.04.23|18:43:07] Folder: "/db" FOUND
[09.04.23|18:43:07] DATABASE: "users.db" FOUND
[09.04.23|18:43:07] TABLE: "Users" FOUND
[09.04.23|18:43:07] DATABASE: "posts.db" FOUND
[09.04.23|18:43:07] TABLE: "Posts" FOUND
[09.04.23|18:43:07] DATABASE: "comments.db" FOUND
[09.04.23|18:43:07] TABLE: "Comments" FOUND
[09.04.23|18:43:07] Folder: "/db" FOUND
[09.04.23|18:43:07] DATABASE: "users.db" FOUND
[09.04.23|18:43:07] TABLE: "Users" FOUND
[09.04.23|18:43:07] DATABASE: "posts.db" FOUND
[09.04.23|18:43:07] TABLE: "Posts" FOUND
[09.04.23|18:43:07] DATABASE: "comments.db" FOUND
[09.04.23|18:43:07] TABLE: "Comments" FOUND
[09.04.23|18:43:10] USER NOT LOGGED IN
[09.04.23|18:43:10] 404
[09.04.23|18:43:19] 1 POINTS ADDED TO "uriel"
[09.04.23|18:43:19] USER: "uriel" LOGGED IN
[09.04.23|18:43:21] 404
[09.04.23|18:43:29] POST: "prueb" POSTED
[09.04.23|18:43:29] 20 POINTS ADDED TO "uriel"
[09.04.23|18:43:33] POST: "1" FOUND
[09.04.23|18:43:34] 404
[09.04.23|18:47:18] Folder: "/db" FOUND
[09.04.23|18:47:18] DATABASE: "users.db" FOUND
[09.04.23|18:47:18] TABLE: "Users" FOUND
[09.04.23|18:47:18] DATABASE: "posts.db" FOUND
[09.04.23|18:47:18] TABLE: "Posts" FOUND
[09.04.23|18:47:18] DATABASE: "comments.db" FOUND
[09.04.23|18:47:18] TABLE: "Comments" FOUND
[09.04.23|18:47:18] Folder: "/db" FOUND
[09.04.23|18:47:18] DATABASE: "users.db" FOUND
[09.04.23|18:47:18] TABLE: "Users" FOUND
[09.04.23|18:47:18] DATABASE: "posts.db" FOUND
[09.04.23|18:47:18] TABLE: "Posts" FOUND
[09.04.23|18:47:18] DATABASE: "comments.db" FOUND
[09.04.23|18:47:18] TABLE: "Comments" FOUND
[09.04.23|18:47:21] USER NOT LOGGED IN
[09.04.23|18:47:21] 404
[09.04.23|18:47:31] 1 POINTS ADDED TO "uriel"
[09.04.23|18:47:31] USER: "uriel" LOGGED IN
[09.04.23|18:47:33] POST: "1" FOUND
[09.04.23|18:47:34] 404
[09.04.23|18:47:37] POST: "1" FOUND
[09.04.23|18:47:38] 404
[09.04.23|18:52:06] Folder: "/db" FOUND
[09.04.23|18:52:06] DATABASE: "users.db" FOUND
[09.04.23|18:52:06] TABLE: "Users" FOUND
[09.04.23|18:52:06] DATABASE: "posts.db" FOUND
[09.04.23|18:52:06] TABLE: "Posts" FOUND
[09.04.23|18:52:06] DATABASE: "comments.db" FOUND
[09.04.23|18:52:06] TABLE: "Comments" FOUND
[09.04.23|18:52:06] Folder: "/db" FOUND
[09.04.23|18:52:06] DATABASE: "users.db" FOUND
[09.04.23|18:52:06] TABLE: "Users" FOUND
[09.04.23|18:52:06] DATABASE: "posts.db" FOUND
[09.04.23|18:52:06] TABLE: "Posts" FOUND
[09.04.23|18:52:06] DATABASE: "comments.db" FOUND
[09.04.23|18:52:06] TABLE: "Comments" FOUND
[09.04.23|18:52:10] POST: "1" FOUND
[09.04.23|18:52:34] Folder: "/db" FOUND
[09.04.23|18:52:34] DATABASE: "users.db" FOUND
[09.04.23|18:52:34] TABLE: "Users" FOUND
[09.04.23|18:52:34] DATABASE: "posts.db" FOUND
[09.04.23|18:52:34] TABLE: "Posts" FOUND
[09.04.23|18:52:34] DATABASE: "comments.db" FOUND
[09.04.23|18:52:34] TABLE: "Comments" FOUND
[09.04.23|18:52:35] Folder: "/db" FOUND
[09.04.23|18:52:35] DATABASE: "users.db" FOUND
[09.04.23|18:52:35] TABLE: "Users" FOUND
[09.04.23|18:52:35] DATABASE: "posts.db" FOUND
[09.04.23|18:52:35] TABLE: "Posts" FOUND
[09.04.23|18:52:35] DATABASE: "comments.db" FOUND
[09.04.23|18:52:35] TABLE: "Comments" FOUND
[09.04.23|18:52:55] Folder: "/db" FOUND
[09.04.23|18:52:55] DATABASE: "users.db" FOUND
[09.04.23|18:52:55] TABLE: "Users" FOUND
[09.04.23|18:52:55] DATABASE: "posts.db" FOUND
[09.04.23|18:52:55] TABLE: "Posts" FOUND
[09.04.23|18:52:55] DATABASE: "comments.db" FOUND
[09.04.23|18:52:55] TABLE: "Comments" FOUND
[09.04.23|18:52:56] Folder: "/db" FOUND
[09.04.23|18:52:56] DATABASE: "users.db" FOUND
[09.04.23|18:52:56] TABLE: "Users" FOUND
[09.04.23|18:52:56] DATABASE: "posts.db" FOUND
[09.04.23|18:52:56] TABLE: "Posts" FOUND
[09.04.23|18:52:56] DATABASE: "comments.db" FOUND
[09.04.23|18:52:56] TABLE: "Comments" FOUND
[09.04.23|18:52:58] POST: "1" FOUND
[09.04.23|18:58:56] Folder: "/db" FOUND
[09.04.23|18:58:56] DATABASE: "users.db" FOUND
[09.04.23|18:58:56] TABLE: "Users" FOUND
[09.04.23|18:58:56] DATABASE: "posts.db" FOUND
[09.04.23|18:58:56] TABLE: "Posts" FOUND
[09.04.23|18:58:56] DATABASE: "comments.db" FOUND
[09.04.23|18:58:56] TABLE: "Comments" FOUND
[09.04.23|18:58:56] Folder: "/db" FOUND
[09.04.23|18:58:56] DATABASE: "users.db" FOUND
[09.04.23|18:58:56] TABLE: "Users" FOUND
[09.04.23|18:58:56] DATABASE: "posts.db" FOUND
[09.04.23|18:58:56] TABLE: "Posts" FOUND
[09.04.23|18:58:56] DATABASE: "comments.db" FOUND
[09.04.23|18:58:56] TABLE: "Comments" FOUND
[09.04.23|18:58:59] POST: "1" FOUND
[09.04.23|18:59:10] POST: "1" FOUND
[09.04.23|19:00:28] Folder: "/db" FOUND
[09.04.23|19:00:28] DATABASE: "users.db" FOUND
[09.04.23|19:00:28] TABLE: "Users" FOUND
[09.04.23|19:00:28] DATABASE: "posts.db" FOUND
[09.04.23|19:00:28] TABLE: "Posts" FOUND
[09.04.23|19:00:28] DATABASE: "comments.db" FOUND
[09.04.23|19:00:28] TABLE: "Comments" FOUND
[09.04.23|19:00:28] Folder: "/db" FOUND
[09.04.23|19:00:28] DATABASE: "users.db" FOUND
[09.04.23|19:00:28] TABLE: "Users" FOUND
[09.04.23|19:00:28] DATABASE: "posts.db" FOUND
[09.04.23|19:00:28] TABLE: "Posts" FOUND
[09.04.23|19:00:28] DATABASE: "comments.db" FOUND
[09.04.23|19:00:28] TABLE: "Comments" FOUND
[09.04.23|19:00:30] POST: "1" FOUND
[09.04.23|19:03:08] Folder: "/db" FOUND
[09.04.23|19:03:08] DATABASE: "users.db" FOUND
[09.04.23|19:03:08] TABLE: "Users" FOUND
[09.04.23|19:03:08] DATABASE: "posts.db" FOUND
[09.04.23|19:03:08] TABLE: "Posts" FOUND
[09.04.23|19:03:08] DATABASE: "comments.db" FOUND
[09.04.23|19:03:08] TABLE: "Comments" FOUND
[09.04.23|19:03:08] Folder: "/db" FOUND
[09.04.23|19:03:08] DATABASE: "users.db" FOUND
[09.04.23|19:03:08] TABLE: "Users" FOUND
[09.04.23|19:03:08] DATABASE: "posts.db" FOUND
[09.04.23|19:03:08] TABLE: "Posts" FOUND
[09.04.23|19:03:08] DATABASE: "comments.db" FOUND
[09.04.23|19:03:08] TABLE: "Comments" FOUND
[09.04.23|19:03:11] POST: "1" FOUND
[09.04.23|19:05:39] Folder: "/db" FOUND
[09.04.23|19:05:39] DATABASE: "users.db" FOUND
[09.04.23|19:05:39] TABLE: "Users" FOUND
[09.04.23|19:05:39] DATABASE: "posts.db" FOUND
[09.04.23|19:05:39] TABLE: "Posts" FOUND
[09.04.23|19:05:39] DATABASE: "comments.db" FOUND
[09.04.23|19:05:39] TABLE: "Comments" FOUND
[09.04.23|19:05:39] Folder: "/db" FOUND
[09.04.23|19:05:39] DATABASE: "users.db" FOUND
[09.04.23|19:05:39] TABLE: "Users" FOUND
[09.04.23|19:05:39] DATABASE: "posts.db" FOUND
[09.04.23|19:05:39] TABLE: "Posts" FOUND
[09.04.23|19:05:39] DATABASE: "comments.db" FOUND
[09.04.23|19:05:39] TABLE: "Comments" FOUND
[09.04.23|19:05:42] POST: "1" FOUND
[09.04.23|19:13:11] Folder: "/db" FOUND
[09.04.23|19:13:11] DATABASE: "users.db" FOUND
[09.04.23|19:13:11] TABLE: "Users" FOUND
[09.04.23|19:13:11] DATABASE: "posts.db" FOUND
[09.04.23|19:13:11] TABLE: "Posts" FOUND
[09.04.23|19:13:11] DATABASE: "comments.db" FOUND
[09.04.23|19:13:11] TABLE: "Comments" FOUND
[09.04.23|19:13:11] Folder: "/db" FOUND
[09.04.23|19:13:11] DATABASE: "users.db" FOUND
[09.04.23|19:13:11] TABLE: "Users" FOUND
[09.04.23|19:13:11] DATABASE: "posts.db" FOUND
[09.04.23|19:13:11] TABLE: "Posts" FOUND
[09.04.23|19:13:11] DATABASE: "comments.db" FOUND
[09.04.23|19:13:11] TABLE: "Comments" FOUND
[09.04.23|19:13:15] POST: "1" FOUND
[09.04.23|19:13:24] 1 POINTS ADDED TO "uriel"
[09.04.23|19:13:24] USER: "uriel" LOGGED IN
[09.04.23|19:13:29] POST: "1" FOUND
[09.04.23|19:13:30] 404
[09.04.23|19:13:32] POST: "1" DELETED
[09.04.23|19:13:38] 404
[09.04.23|19:13:51] POST: "prueba2" POSTED
[09.04.23|19:13:51] 20 POINTS ADDED TO "uriel"
[09.04.23|19:13:54] POST: "1" FOUND
[09.04.23|19:13:55] 404
[09.04.23|19:15:13] Folder: "/db" FOUND
[09.04.23|19:15:13] DATABASE: "users.db" FOUND
[09.04.23|19:15:13] TABLE: "Users" FOUND
[09.04.23|19:15:13] DATABASE: "posts.db" FOUND
[09.04.23|19:15:13] TABLE: "Posts" FOUND
[09.04.23|19:15:13] DATABASE: "comments.db" FOUND
[09.04.23|19:15:13] TABLE: "Comments" FOUND
[09.04.23|19:15:13] Folder: "/db" FOUND
[09.04.23|19:15:13] DATABASE: "users.db" FOUND
[09.04.23|19:15:13] TABLE: "Users" FOUND
[09.04.23|19:15:13] DATABASE: "posts.db" FOUND
[09.04.23|19:15:13] TABLE: "Posts" FOUND
[09.04.23|19:15:13] DATABASE: "comments.db" FOUND
[09.04.23|19:15:13] TABLE: "Comments" FOUND
[09.04.23|19:15:18] POST: "1" FOUND
[09.04.23|21:40:22] Folder: "/db" FOUND
[09.04.23|21:40:22] DATABASE: "users.db" FOUND
[09.04.23|21:40:22] TABLE: "Users" FOUND
[09.04.23|21:40:22] DATABASE: "posts.db" FOUND
[09.04.23|21:40:22] TABLE: "Posts" FOUND
[09.04.23|21:40:22] DATABASE: "comments.db" FOUND
[09.04.23|21:40:22] TABLE: "Comments" FOUND
[09.04.23|21:40:22] Folder: "/db" FOUND
[09.04.23|21:40:22] DATABASE: "users.db" FOUND
[09.04.23|21:40:22] TABLE: "Users" FOUND
[09.04.23|21:40:22] DATABASE: "posts.db" FOUND
[09.04.23|21:40:22] TABLE: "Posts" FOUND
[09.04.23|21:40:22] DATABASE: "comments.db" FOUND
[09.04.23|21:40:22] TABLE: "Comments" FOUND
[09.04.23|21:40:28] POST: "1" FOUND
[09.04.23|21:41:45] POST: "1" FOUND
[09.04.23|21:41:48] POST: "1" FOUND
[09.04.23|21:44:39] Folder: "/db" FOUND
[09.04.23|21:44:39] DATABASE: "users.db" FOUND
[09.04.23|21:44:39] TABLE: "Users" FOUND
[09.04.23|21:44:39] DATABASE: "posts.db" NOT FOUND
[09.04.23|21:44:39] DATABASE: "posts.db" CREATED
[09.04.23|21:44:39] TABLE: "Posts" NOT FOUND
[09.04.23|21:44:39] TABLE: "Posts" CREATED
[09.04.23|21:44:39] DATABASE: "comments.db" FOUND
[09.04.23|21:44:39] TABLE: "Comments" FOUND
[09.04.23|21:44:39] Folder: "/db" FOUND
[09.04.23|21:44:39] DATABASE: "users.db" FOUND
[09.04.23|21:44:39] TABLE: "Users" FOUND
[09.04.23|21:44:39] DATABASE: "posts.db" FOUND
[09.04.23|21:44:39] TABLE: "Posts" FOUND
[09.04.23|21:44:39] DATABASE: "comments.db" FOUND
[09.04.23|21:44:39] TABLE: "Comments" FOUND
[09.04.23|21:44:56] 1 POINTS ADDED TO "uriel"
[09.04.23|21:44:56] USER: "uriel" LOGGED IN
[09.04.23|21:44:59] 404
[09.04.23|21:45:08] POST: "prueba" POSTED
[09.04.23|21:45:08] 20 POINTS ADDED TO "uriel"
[09.04.23|21:45:10] POST: "1" FOUND
[09.04.23|21:45:11] 404
[09.04.23|21:45:12] 404
[09.04.23|21:46:02] 404
[09.04.23|21:46:33] 404
[09.04.23|21:46:39] Folder: "/db" FOUND
[09.04.23|21:46:39] DATABASE: "users.db" FOUND
[09.04.23|21:46:39] TABLE: "Users" FOUND
[09.04.23|21:46:39] DATABASE: "posts.db" FOUND
[09.04.23|21:46:39] TABLE: "Posts" FOUND
[09.04.23|21:46:39] DATABASE: "comments.db" FOUND
[09.04.23|21:46:39] TABLE: "Comments" FOUND
[09.04.23|21:46:39] Folder: "/db" FOUND
[09.04.23|21:46:39] DATABASE: "users.db" FOUND
[09.04.23|21:46:39] TABLE: "Users" FOUND
[09.04.23|21:46:39] DATABASE: "posts.db" FOUND
[09.04.23|21:46:39] TABLE: "Posts" FOUND
[09.04.23|21:46:39] DATABASE: "comments.db" FOUND
[09.04.23|21:46:39] TABLE: "Comments" FOUND
[09.04.23|21:46:42] POST: "1" FOUND
[09.04.23|21:48:02] 1 POINTS ADDED TO "uriel"
[09.04.23|21:48:02] USER: "uriel" LOGGED IN
[09.04.23|21:48:04] POST: "1" FOUND
[09.04.23|21:48:05] 404
[09.04.23|21:48:11] USER NEEDS TO LOGIN FOR DELETE POST: "1"
[09.04.23|21:48:11] POST: "1" DELETED
[09.04.23|21:48:11] 404
[09.04.23|21:48:28] 404
[09.04.23|21:54:05] Folder: "/db" FOUND
[09.04.23|21:54:05] DATABASE: "users.db" FOUND
[09.04.23|21:54:05] TABLE: "Users" FOUND
[09.04.23|21:54:05] DATABASE: "posts.db" FOUND
[09.04.23|21:54:05] TABLE: "Posts" FOUND
[09.04.23|21:54:05] DATABASE: "comments.db" FOUND
[09.04.23|21:54:05] TABLE: "Comments" FOUND
[09.04.23|21:54:07] Folder: "/db" FOUND
[09.04.23|21:54:07] DATABASE: "users.db" FOUND
[09.04.23|21:54:07] TABLE: "Users" FOUND
[09.04.23|21:54:07] DATABASE: "posts.db" FOUND
[09.04.23|21:54:07] TABLE: "Posts" FOUND
[09.04.23|21:54:07] DATABASE: "comments.db" FOUND
[09.04.23|21:54:07] TABLE: "Comments" FOUND
[09.04.23|21:54:08] Folder: "/db" FOUND
[09.04.23|21:54:08] DATABASE: "users.db" FOUND
[09.04.23|21:54:08] TABLE: "Users" FOUND
[09.04.23|21:54:08] DATABASE: "posts.db" FOUND
[09.04.23|21:54:08] TABLE: "Posts" FOUND
[09.04.23|21:54:08] DATABASE: "comments.db" FOUND
[09.04.23|21:54:08] TABLE: "Comments" FOUND
[09.04.23|21:54:10] USER NOT LOGGED IN
[09.04.23|21:54:10] 404
[09.04.23|21:54:20] 1 POINTS ADDED TO "uriel"
[09.04.23|21:54:20] USER: "uriel" LOGGED IN
[09.04.23|21:54:23] 404
[09.04.23|21:56:30] Folder: "/db" FOUND
[09.04.23|21:56:30] DATABASE: "users.db" FOUND
[09.04.23|21:56:30] TABLE: "Users" FOUND
[09.04.23|21:56:30] DATABASE: "posts.db" FOUND
[09.04.23|21:56:30] TABLE: "Posts" FOUND
[09.04.23|21:56:30] DATABASE: "comments.db" FOUND
[09.04.23|21:56:30] TABLE: "Comments" FOUND
[09.04.23|21:56:34] Folder: "/db" FOUND
[09.04.23|21:56:34] DATABASE: "users.db" FOUND
[09.04.23|21:56:34] TABLE: "Users" FOUND
[09.04.23|21:56:34] DATABASE: "posts.db" FOUND
[09.04.23|21:56:34] TABLE: "Posts" FOUND
[09.04.23|21:56:34] DATABASE: "comments.db" FOUND
[09.04.23|21:56:34] TABLE: "Comments" FOUND
[09.04.23|21:56:35] Folder: "/db" FOUND
[09.04.23|21:56:35] DATABASE: "users.db" FOUND
[09.04.23|21:56:35] TABLE: "Users" FOUND
[09.04.23|21:56:35] DATABASE: "posts.db" FOUND
[09.04.23|21:56:35] TABLE: "Posts" FOUND
[09.04.23|21:56:35] DATABASE: "comments.db" FOUND
[09.04.23|21:56:35] TABLE: "Comments" FOUND
[09.04.23|21:56:37] USER NOT LOGGED IN
[09.04.23|21:56:37] 404
[09.04.23|21:56:48] 1 POINTS ADDED TO "uriel"
[09.04.23|21:56:48] USER: "uriel" LOGGED IN
[09.04.23|21:56:50] 404
[09.04.23|21:57:26] Folder: "/db" FOUND
[09.04.23|21:57:26] DATABASE: "users.db" FOUND
[09.04.23|21:57:26] TABLE: "Users" FOUND
[09.04.23|21:57:26] DATABASE: "posts.db" FOUND
[09.04.23|21:57:26] TABLE: "Posts" FOUND
[09.04.23|21:57:26] DATABASE: "comments.db" FOUND
[09.04.23|21:57:26] TABLE: "Comments" FOUND
[09.04.23|21:57:31] USER NOT LOGGED IN
[09.04.23|21:57:31] 404
[09.04.23|21:57:39] 1 POINTS ADDED TO "uriel"
[09.04.23|21:57:39] USER: "uriel" LOGGED IN
[09.04.23|21:57:42] 404
[09.04.23|21:58:35] POST: "Give and Take" POSTED
[09.04.23|21:58:35] 20 POINTS ADDED TO "uriel"
[09.04.23|21:58:40] POST: "1" FOUND
[09.04.23|21:58:41] 404
[09.04.23|21:59:45] Folder: "/db" FOUND
[09.04.23|21:59:45] DATABASE: "users.db" FOUND
[09.04.23|21:59:45] TABLE: "Users" FOUND
[09.04.23|21:59:45] DATABASE: "posts.db" FOUND
[09.04.23|21:59:45] TABLE: "Posts" FOUND
[09.04.23|21:59:45] DATABASE: "comments.db" FOUND
[09.04.23|21:59:45] TABLE: "Comments" FOUND
[09.04.23|21:59:45] Folder: "/db" FOUND
[09.04.23|21:59:45] DATABASE: "users.db" FOUND
[09.04.23|21:59:45] TABLE: "Users" FOUND
[09.04.23|21:59:45] DATABASE: "posts.db" FOUND
[09.04.23|21:59:45] TABLE: "Posts" FOUND
[09.04.23|21:59:45] DATABASE: "comments.db" FOUND
[09.04.23|21:59:45] TABLE: "Comments" FOUND
[09.04.23|21:59:50] USER NOT LOGGED IN
[09.04.23|21:59:50] USER NOT LOGGED IN
[09.04.23|22:00:03] 1 POINTS ADDED TO "uriel"
[09.04.23|22:00:03] USER: "uriel" LOGGED IN
[09.04.23|22:00:07] POST: "1" FOUND
[09.04.23|22:00:07] 404
[09.04.23|22:00:13] USER: "uriel" LOGGED OUT
[09.04.23|22:00:15] POST: "1" FOUND
[09.04.23|22:03:26] POST: "1" FOUND
[16.04.23|18:56:01] Folder: "/db" FOUND
[16.04.23|18:56:01] DATABASE: "users.db" FOUND
[16.04.23|18:56:01] TABLE: "Users" FOUND
[16.04.23|18:56:01] DATABASE: "posts.db" FOUND
[16.04.23|18:56:01] TABLE: "Posts" FOUND
[16.04.23|18:56:01] DATABASE: "comments.db" FOUND
[16.04.23|18:56:01] TABLE: "Comments" FOUND
[16.04.23|18:56:02] Folder: "/db" FOUND
[16.04.23|18:56:02] DATABASE: "users.db" FOUND
[16.04.23|18:56:02] TABLE: "Users" FOUND
[16.04.23|18:56:02] DATABASE: "posts.db" FOUND
[16.04.23|18:56:02] TABLE: "Posts" FOUND
[16.04.23|18:56:02] DATABASE: "comments.db" FOUND
[16.04.23|18:56:02] TABLE: "Comments" FOUND
[16.04.23|18:56:27] Folder: "/db" FOUND
[16.04.23|18:56:27] DATABASE: "users.db" FOUND
[16.04.23|18:56:27] TABLE: "Users" FOUND
[16.04.23|18:56:27] DATABASE: "posts.db" NOT FOUND
[16.04.23|18:56:27] DATABASE: "posts.db" CREATED
[16.04.23|18:56:27] TABLE: "Posts" NOT FOUND
[16.04.23|18:56:27] TABLE: "Posts" CREATED
[16.04.23|18:56:27] DATABASE: "comments.db" FOUND
[16.04.23|18:56:27] TABLE: "Comments" FOUND
[16.04.23|18:56:27] Folder: "/db" FOUND
[16.04.23|18:56:27] DATABASE: "users.db" FOUND
[16.04.23|18:56:27] TABLE: "Users" FOUND
[16.04.23|18:56:27] DATABASE: "posts.db" FOUND
[16.04.23|18:56:27] TABLE: "Posts" FOUND
[16.04.23|18:56:27] DATABASE: "comments.db" FOUND
[16.04.23|18:56:27] TABLE: "Comments" FOUND
[16.04.23|18:56:32] 404
[16.04.23|18:56:40] 1 POINTS ADDED TO "uriel"
[16.04.23|18:56:40] USER: "uriel" LOGGED IN
[16.04.23|18:56:42] 404
[16.04.23|19:01:25] Folder: "/db" FOUND
[16.04.23|19:01:25] DATABASE: "users.db" FOUND
[16.04.23|19:01:25] TABLE: "Users" FOUND
[16.04.23|19:01:25] DATABASE: "posts.db" FOUND
[16.04.23|19:01:25] TABLE: "Posts" FOUND
[16.04.23|19:01:25] DATABASE: "comments.db" FOUND
[16.04.23|19:01:25] TABLE: "Comments" FOUND
[16.04.23|19:01:25] Folder: "/db" FOUND
[16.04.23|19:01:25] DATABASE: "users.db" FOUND
[16.04.23|19:01:25] TABLE: "Users" FOUND
[16.04.23|19:01:25] DATABASE: "posts.db" FOUND
[16.04.23|19:01:25] TABLE: "Posts" FOUND
[16.04.23|19:01:25] DATABASE: "comments.db" FOUND
[16.04.23|19:01:25] TABLE: "Comments" FOUND
[16.04.23|19:01:31] USER NOT LOGGED IN
[16.04.23|19:01:31] 404
[16.04.23|19:01:31] 404
[16.04.23|19:01:38] 1 POINTS ADDED TO "uriel"
[16.04.23|19:01:38] USER: "uriel" LOGGED IN
[16.04.23|19:01:41] 404
[16.04.23|19:02:34] Folder: "/db" FOUND
[16.04.23|19:02:34] DATABASE: "users.db" FOUND
[16.04.23|19:02:34] TABLE: "Users" FOUND
[16.04.23|19:02:34] DATABASE: "posts.db" FOUND
[16.04.23|19:02:34] TABLE: "Posts" FOUND
[16.04.23|19:02:34] DATABASE: "comments.db" FOUND
[16.04.23|19:02:34] TABLE: "Comments" FOUND
[16.04.23|19:02:34] Folder: "/db" FOUND
[16.04.23|19:02:34] DATABASE: "users.db" FOUND
[16.04.23|19:02:34] TABLE: "Users" FOUND
[16.04.23|19:02:34] DATABASE: "posts.db" FOUND
[16.04.23|19:02:34] TABLE: "Posts" FOUND
[16.04.23|19:02:34] DATABASE: "comments.db" FOUND
[16.04.23|19:02:34] TABLE: "Comments" FOUND
[16.04.23|19:06:13] USER NOT LOGGED IN
[16.04.23|19:06:13] 404
[16.04.23|19:06:18] 1 POINTS ADDED TO "uriel"
[16.04.23|19:06:18] USER: "uriel" LOGGED IN
[16.04.23|19:06:21] 404
[16.04.23|19:08:05] Folder: "/db" FOUND
[16.04.23|19:08:05] DATABASE: "users.db" FOUND
[16.04.23|19:08:05] TABLE: "Users" FOUND
[16.04.23|19:08:05] DATABASE: "posts.db" FOUND
[16.04.23|19:08:05] TABLE: "Posts" FOUND
[16.04.23|19:08:05] DATABASE: "comments.db" FOUND
[16.04.23|19:08:05] TABLE: "Comments" FOUND
[16.04.23|19:08:08] 404
[16.04.23|19:08:09] USER NOT LOGGED IN
[16.04.23|19:08:09] 404
[16.04.23|19:08:14] 1 POINTS ADDED TO "uriel"
[16.04.23|19:08:14] USER: "uriel" LOGGED IN
[16.04.23|19:08:17] 404
[16.04.23|19:08:36] POST: "mayo" POSTED
[16.04.23|19:08:36] 20 POINTS ADDED TO "uriel"
[16.04.23|19:08:41] POST: "1" FOUND
[16.04.23|19:08:41] 404
[16.04.23|19:10:41] Folder: "/db" FOUND
[16.04.23|19:10:41] DATABASE: "users.db" FOUND
[16.04.23|19:10:41] TABLE: "Users" FOUND
[16.04.23|19:10:41] DATABASE: "posts.db" FOUND
[16.04.23|19:10:41] TABLE: "Posts" FOUND
[16.04.23|19:10:41] DATABASE: "comments.db" FOUND
[16.04.23|19:10:41] TABLE: "Comments" FOUND
[16.04.23|19:11:07] Folder: "/db" FOUND
[16.04.23|19:11:07] DATABASE: "users.db" FOUND
[16.04.23|19:11:07] TABLE: "Users" FOUND
[16.04.23|19:11:07] DATABASE: "posts.db" FOUND
[16.04.23|19:11:07] TABLE: "Posts" FOUND
[16.04.23|19:11:07] DATABASE: "comments.db" FOUND
[16.04.23|19:11:07] TABLE: "Comments" FOUND
[16.04.23|19:11:15] POST: "1" FOUND
[16.04.23|19:11:19] 1 POINTS ADDED TO "uriel"
[16.04.23|19:11:19] USER: "uriel" LOGGED IN
[16.04.23|19:11:21] POST: "1" FOUND
[16.04.23|19:11:22] 404
[16.04.23|19:11:24] POST: "1" DELETED
[16.04.23|19:11:31] 404
[16.04.23|19:11:33] 404
[16.04.23|19:11:53] POST: "Mayo" POSTED
[16.04.23|19:11:53] 20 POINTS ADDED TO "uriel"
[16.04.23|19:11:56] POST: "1" FOUND
[16.04.23|19:11:57] 404
[16.04.23|19:12:08] POST: "1" DELETED
[16.04.23|19:12:13] 404
[16.04.23|19:13:56] POST: "mayo" POSTED
[16.04.23|19:13:56] 20 POINTS ADDED TO "uriel"
[16.04.23|19:13:58] POST: "1" FOUND
[16.04.23|19:13:58] 404
[16.04.23|19:15:48] Folder: "/db" FOUND
[16.04.23|19:15:48] DATABASE: "users.db" FOUND
[16.04.23|19:15:48] TABLE: "Users" FOUND
[16.04.23|19:15:48] DATABASE: "posts.db" FOUND
[16.04.23|19:15:48] TABLE: "Posts" FOUND
[16.04.23|19:15:48] DATABASE: "comments.db" FOUND
[16.04.23|19:15:48] TABLE: "Comments" FOUND
[16.04.23|19:16:11] USER NEEDS TO LOGIN FOR DELETE POST: "1"
[16.04.23|19:16:11] 404
[16.04.23|19:16:11] 404
[16.04.23|19:16:15] 1 POINTS ADDED TO "uriel"
[16.04.23|19:16:15] USER: "uriel" LOGGED IN
[16.04.23|19:16:17] POST: "1" FOUND
[16.04.23|19:16:18] 404
[16.04.23|19:16:20] POST: "1" DELETED
[16.04.23|19:16:26] 404
[16.04.23|19:18:14] Folder: "/db" FOUND
[16.04.23|19:18:14] DATABASE: "users.db" FOUND
[16.04.23|19:18:14] TABLE: "Users" FOUND
[16.04.23|19:18:14] DATABASE: "posts.db" FOUND
[16.04.23|19:18:14] TABLE: "Posts" FOUND
[16.04.23|19:18:14] DATABASE: "comments.db" FOUND
[16.04.23|19:18:14] TABLE: "Comments" FOUND
[16.04.23|19:18:29] Folder: "/db" FOUND
[16.04.23|19:18:29] DATABASE: "users.db" FOUND
[16.04.23|19:18:29] TABLE: "Users" FOUND
[16.04.23|19:18:29] DATABASE: "posts.db" FOUND
[16.04.23|19:18:29] TABLE: "Posts" FOUND
[16.04.23|19:18:29] DATABASE: "comments.db" FOUND
[16.04.23|19:18:29] TABLE: "Comments" FOUND
[16.04.23|19:18:32] 404
[16.04.23|19:18:35] USER NOT LOGGED IN
[16.04.23|19:18:35] USER NOT LOGGED IN
[16.04.23|19:18:41] 1 POINTS ADDED TO "uriel"
[16.04.23|19:18:41] USER: "uriel" LOGGED IN
[16.04.23|19:18:44] 404
[16.04.23|19:19:30] Folder: "/db" FOUND
[16.04.23|19:19:30] DATABASE: "users.db" FOUND
[16.04.23|19:19:30] TABLE: "Users" FOUND
[16.04.23|19:19:30] DATABASE: "posts.db" NOT FOUND
[16.04.23|19:19:30] DATABASE: "posts.db" CREATED
[16.04.23|19:19:30] TABLE: "Posts" NOT FOUND
[16.04.23|19:19:30] TABLE: "Posts" CREATED
[16.04.23|19:19:30] DATABASE: "comments.db" FOUND
[16.04.23|19:19:30] TABLE: "Comments" FOUND
[16.04.23|19:19:30] Folder: "/db" FOUND
[16.04.23|19:19:30] DATABASE: "users.db" FOUND
[16.04.23|19:19:30] TABLE: "Users" FOUND
[16.04.23|19:19:30] DATABASE: "posts.db" FOUND
[16.04.23|19:19:30] TABLE: "Posts" FOUND
[16.04.23|19:19:30] DATABASE: "comments.db" FOUND
[16.04.23|19:19:30] TABLE: "Comments" FOUND
[16.04.23|19:19:38] 404
[16.04.23|19:19:49] USER NOT LOGGED IN
[16.04.23|19:19:49] 404
[16.04.23|19:19:58] 1 POINTS ADDED TO "uriel"
[16.04.23|19:19:58] USER: "uriel" LOGGED IN
[16.04.23|19:20:02] 404
[16.04.23|19:20:19] POST: "Mayo" POSTED
[16.04.23|19:20:19] 20 POINTS ADDED TO "uriel"
[16.04.23|19:20:21] POST: "1" FOUND
[16.04.23|19:20:21] 404
[16.04.23|19:23:52] 404
[16.04.23|19:23:55] USER: "uriel" LOGGED OUT
[16.04.23|19:24:01] 1 POINTS ADDED TO "uriel"
[16.04.23|19:24:01] USER: "uriel" LOGGED IN
[16.04.23|19:24:04] POST: "1" FOUND
[16.04.23|19:24:04] 404
[16.04.23|19:24:05] POST: "1" DELETED
[16.04.23|19:24:12] 404
[16.04.23|19:24:29] POST: "Mayo" POSTED
[16.04.23|19:24:29] 20 POINTS ADDED TO "uriel"
[16.04.23|19:24:30] POST: "1" FOUND
[16.04.23|19:24:31] 404
[16.04.23|19:30:09] Folder: "/db" FOUND
[16.04.23|19:30:09] DATABASE: "users.db" FOUND
[16.04.23|19:30:09] TABLE: "Users" FOUND
[16.04.23|19:30:09] DATABASE: "posts.db" FOUND
[16.04.23|19:30:09] TABLE: "Posts" FOUND
[16.04.23|19:30:09] DATABASE: "comments.db" FOUND
[16.04.23|19:30:09] TABLE: "Comments" FOUND
[16.04.23|19:30:09] Folder: "/db" FOUND
[16.04.23|19:30:09] DATABASE: "users.db" FOUND
[16.04.23|19:30:09] TABLE: "Users" FOUND
[16.04.23|19:30:09] DATABASE: "posts.db" FOUND
[16.04.23|19:30:09] TABLE: "Posts" FOUND
[16.04.23|19:30:09] DATABASE: "comments.db" FOUND
[16.04.23|19:30:09] TABLE: "Comments" FOUND
[16.04.23|19:30:12] USER NOT LOGGED IN
[16.04.23|19:30:13] POST: "1" FOUND
[16.04.23|19:30:15] POST: "1" FOUND
[16.04.23|19:30:47] POST: "1" FOUND
[16.04.23|19:30:54] 1 POINTS ADDED TO "uriel"
[16.04.23|19:30:54] USER: "uriel" LOGGED IN
[16.04.23|19:30:56] POST: "1" FOUND
[16.04.23|19:30:56] 404
[16.04.23|19:31:36] USER: "uriel" LOGGED OUT
[16.04.23|19:31:44] 1 POINTS ADDED TO "uriel"
[16.04.23|19:31:44] USER: "uriel" LOGGED IN
[16.04.23|19:31:45] POST: "1" FOUND
[16.04.23|19:31:46] 404
[16.04.23|19:31:47] POST: "1" DELETED
[16.04.23|19:31:52] 404
[16.04.23|19:32:07] POST: "Mayo" POSTED
[16.04.23|19:32:07] 20 POINTS ADDED TO "uriel"
[16.04.23|19:32:08] POST: "1" FOUND
[16.04.23|19:32:09] 404
[16.04.23|19:34:07] POST: "1" FOUND
[16.04.23|19:34:07] 404
[16.04.23|19:40:20] POST: "1" DELETED
[16.04.23|19:40:26] 404
[16.04.23|19:40:47] POST: "EMERGENCIAS Y CUIDADOS CRITICOS CORRECCIONES" POSTED
[16.04.23|19:40:47] 20 POINTS ADDED TO "uriel"
[16.04.23|19:40:50] POST: "1" FOUND
[16.04.23|19:40:50] 404
[16.04.23|19:41:16] POST: "1" DELETED
[16.04.23|19:41:28] 404
[16.04.23|19:41:47] Folder: "/db" FOUND
[16.04.23|19:41:47] DATABASE: "users.db" FOUND
[16.04.23|19:41:47] TABLE: "Users" FOUND
[16.04.23|19:41:47] DATABASE: "posts.db" FOUND
[16.04.23|19:41:47] TABLE: "Posts" FOUND
[16.04.23|19:41:47] DATABASE: "comments.db" FOUND
[16.04.23|19:41:47] TABLE: "Comments" FOUND
[16.04.23|19:41:47] Folder: "/db" FOUND
[16.04.23|19:41:47] DATABASE: "users.db" FOUND
[16.04.23|19:41:47] TABLE: "Users" FOUND
[16.04.23|19:41:47] DATABASE: "posts.db" FOUND
[16.04.23|19:41:47] TABLE: "Posts" FOUND
[16.04.23|19:41:47] DATABASE: "comments.db" FOUND
[16.04.23|19:41:47] TABLE: "Comments" FOUND
[16.04.23|19:42:37] Folder: "/db" FOUND
[16.04.23|19:42:37] DATABASE: "users.db" FOUND
[16.04.23|19:42:37] TABLE: "Users" FOUND
[16.04.23|19:42:37] DATABASE: "posts.db" FOUND
[16.04.23|19:42:37] TABLE: "Posts" FOUND
[16.04.23|19:42:37] DATABASE: "comments.db" FOUND
[16.04.23|19:42:37] TABLE: "Comments" FOUND
[16.04.23|19:42:46] USER NOT LOGGED IN
[16.04.23|19:42:46] 404
[16.04.23|19:42:51] 1 POINTS ADDED TO "uriel"
[16.04.23|19:42:51] USER: "uriel" LOGGED IN
[16.04.23|19:42:54] 404
[16.04.23|19:44:06] Folder: "/db" FOUND
[16.04.23|19:44:06] DATABASE: "users.db" FOUND
[16.04.23|19:44:06] TABLE: "Users" FOUND
[16.04.23|19:44:06] DATABASE: "posts.db" FOUND
[16.04.23|19:44:06] TABLE: "Posts" FOUND
[16.04.23|19:44:06] DATABASE: "comments.db" FOUND
[16.04.23|19:44:06] TABLE: "Comments" FOUND
[16.04.23|19:44:08] 404
[16.04.23|19:44:11] USER NOT LOGGED IN
[16.04.23|19:44:16] 1 POINTS ADDED TO "uriel"
[16.04.23|19:44:16] USER: "uriel" LOGGED IN
[16.04.23|19:44:19] 404
[16.04.23|19:45:29] Folder: "/db" FOUND
[16.04.23|19:45:29] DATABASE: "users.db" FOUND
[16.04.23|19:45:29] TABLE: "Users" FOUND
[16.04.23|19:45:29] DATABASE: "posts.db" FOUND
[16.04.23|19:45:29] TABLE: "Posts" FOUND
[16.04.23|19:45:29] DATABASE: "comments.db" FOUND
[16.04.23|19:45:29] TABLE: "Comments" FOUND
[16.04.23|19:45:30] 404
[16.04.23|19:45:32] USER NOT LOGGED IN
[16.04.23|19:45:36] 1 POINTS ADDED TO "uriel"
[16.04.23|19:45:36] USER: "uriel" LOGGED IN
[16.04.23|19:45:40] 404
[16.04.23|19:46:33] Folder: "/db" FOUND
[16.04.23|19:46:33] DATABASE: "users.db" FOUND
[16.04.23|19:46:33] TABLE: "Users" FOUND
[16.04.23|19:46:33] DATABASE: "posts.db" FOUND
[16.04.23|19:46:33] TABLE: "Posts" FOUND
[16.04.23|19:46:33] DATABASE: "comments.db" FOUND
[16.04.23|19:46:33] TABLE: "Comments" FOUND
[16.04.23|19:46:47] Folder: "/db" FOUND
[16.04.23|19:46:47] DATABASE: "users.db" FOUND
[16.04.23|19:46:47] TABLE: "Users" FOUND
[16.04.23|19:46:47] DATABASE: "posts.db" NOT FOUND
[16.04.23|19:46:47] DATABASE: "posts.db" CREATED
[16.04.23|19:46:47] TABLE: "Posts" NOT FOUND
[16.04.23|19:46:47] TABLE: "Posts" CREATED
[16.04.23|19:46:47] DATABASE: "comments.db" FOUND
[16.04.23|19:46:47] TABLE: "Comments" FOUND
[16.04.23|19:46:47] Folder: "/db" FOUND
[16.04.23|19:46:47] DATABASE: "users.db" FOUND
[16.04.23|19:46:47] TABLE: "Users" FOUND
[16.04.23|19:46:47] DATABASE: "posts.db" FOUND
[16.04.23|19:46:47] TABLE: "Posts" FOUND
[16.04.23|19:46:47] DATABASE: "comments.db" FOUND
[16.04.23|19:46:47] TABLE: "Comments" FOUND
[16.04.23|19:46:50] 404
[16.04.23|19:46:53] USER NOT LOGGED IN
[16.04.23|19:46:57] 1 POINTS ADDED TO "uriel"
[16.04.23|19:46:57] USER: "uriel" LOGGED IN
[16.04.23|19:47:00] 404
[16.04.23|19:47:32] POST: "EMERGENCIAS Y CUIDADOS CRITICOS CORRECCIONES" POSTED
[16.04.23|19:47:32] 20 POINTS ADDED TO "uriel"
[16.04.23|19:47:38] POST: "1" FOUND
[16.04.23|19:47:38] 404
[16.04.23|19:54:54] POST: "1" FOUND
[16.04.23|19:54:55] 404
[16.04.23|19:56:03] POST: "1" FOUND
[16.04.23|19:56:04] 404
[16.04.23|19:56:31] POST: "1" FOUND
[16.04.23|19:56:32] 404
[16.04.23|19:57:41] POST: "1" FOUND
[16.04.23|19:57:41] 404
